<?xml version="1.0" encoding="UTF-8"?>
<TestRun id="6d98b613-f9d3-4210-be20-9f0ee13b7bdc" name="Karl@JUMPERCAKE 2011-10-23 15:06:23" runUser="jumpercake\Karl" xmlns="http://microsoft.com/schemas/VisualStudio/TeamTest/2010">
  <TestSettings name="Default Test Settings" id="228e9e67-f6cf-4950-b6db-52d7f3e20894">
    <Execution>
      <TestTypeSpecific />
      <AgentRule name="Execution Agents">
      </AgentRule>
    </Execution>
    <Deployment runDeploymentRoot="Karl_JUMPERCAKE 2011-10-23 15_06_23" />
  </TestSettings>
  <Times creation="2011-10-23T15:06:23.8844871+01:00" queuing="2011-10-23T15:06:24.5035225+01:00" start="2011-10-23T15:06:24.7685377+01:00" finish="2011-10-23T15:06:25.3075685+01:00" />
  <ResultSummary outcome="Failed">
    <Counters total="1" executed="1" error="0" failed="1" timeout="0" aborted="0" inconclusive="0" passedButRunAborted="0" notRunnable="0" notExecuted="0" disconnected="0" warning="0" passed="0" completed="0" inProgress="0" pending="0" />
  </ResultSummary>
  <TestDefinitions>
    <UnitTest name="Index" storage="f:\visual studio projects\bootstrap\bootstrap.tests\bin\debug\bootstrap.tests.dll" id="30625463-567f-e932-e0af-b0c229f757a3">
      <Execution timeOut="1800000" id="9b096f83-f349-40d5-b754-16020387afc6" />
      <TestMethod codeBase="F:/Visual Studio Projects/BootStrap/BootStrap.Tests/bin/Debug/BootStrap.Tests.DLL" adapterTypeName="Microsoft.VisualStudio.TestTools.TestTypes.Unit.UnitTestAdapter, Microsoft.VisualStudio.QualityTools.Tips.UnitTest.Adapter, Version=10.0.0.0, Culture=neutral, PublicKeyToken=b03f5f7f11d50a3a" className="BootStrap.Tests.Controllers.HomeControllerTest, BootStrap.Tests, Version=1.0.0.0, Culture=neutral, PublicKeyToken=null" name="Index" />
    </UnitTest>
  </TestDefinitions>
  <TestLists>
    <TestList name="Results Not in a List" id="8c84fa94-04c1-424b-9868-57a2d4851a1d" />
    <TestList name="All Loaded Results" id="19431567-8539-422a-85d7-44ee4e166bda" />
  </TestLists>
  <TestEntries>
    <TestEntry testId="30625463-567f-e932-e0af-b0c229f757a3" executionId="9b096f83-f349-40d5-b754-16020387afc6" testListId="8c84fa94-04c1-424b-9868-57a2d4851a1d" />
  </TestEntries>
  <Results>
    <UnitTestResult executionId="9b096f83-f349-40d5-b754-16020387afc6" testId="30625463-567f-e932-e0af-b0c229f757a3" testName="Index" computerName="JUMPERCAKE" duration="00:00:00.3364277" startTime="2011-10-23T15:06:24.8145403+01:00" endTime="2011-10-23T15:06:25.2305641+01:00" testType="13cdc9d9-ddb5-4fa4-a97d-d965ccfc6d4b" outcome="Failed" testListId="8c84fa94-04c1-424b-9868-57a2d4851a1d" relativeResultsDirectory="9b096f83-f349-40d5-b754-16020387afc6">
      <Output>
        <ErrorInfo>
          <Message>Test method BootStrap.Tests.Controllers.HomeControllerTest.Index threw exception: 
Newtonsoft.Json.JsonReaderException: After parsing a value an unexpected character was encountered: {. Line 7, position 1.</Message>
          <StackTrace>    at Newtonsoft.Json.JsonTextReader.ParsePostValue(Char currentChar) in d:\Development\Releases\Json\Working\Src\Newtonsoft.Json\JsonTextReader.cs:line 519
   at Newtonsoft.Json.JsonTextReader.ReadInternal() in d:\Development\Releases\Json\Working\Src\Newtonsoft.Json\JsonTextReader.cs:line 471
   at Newtonsoft.Json.JsonTextReader.Read() in d:\Development\Releases\Json\Working\Src\Newtonsoft.Json\JsonTextReader.cs:line 323
   at Newtonsoft.Json.Serialization.JsonSerializerInternalReader.ReadForType(JsonReader reader, Type t, JsonConverter propertyConverter) in d:\Development\Releases\Json\Working\Src\Newtonsoft.Json\Serialization\JsonSerializerInternalReader.cs:line 1072
   at Newtonsoft.Json.Serialization.JsonSerializerInternalReader.ReadForTypeArrayHack(JsonReader reader, Type t) in d:\Development\Releases\Json\Working\Src\Newtonsoft.Json\Serialization\JsonSerializerInternalReader.cs:line 712
   at Newtonsoft.Json.Serialization.JsonSerializerInternalReader.PopulateList(IWrappedCollection wrappedList, JsonReader reader, String reference, JsonArrayContract contract) in d:\Development\Releases\Json\Working\Src\Newtonsoft.Json\Serialization\JsonSerializerInternalReader.cs:line 756
   at Newtonsoft.Json.Serialization.JsonSerializerInternalReader.&lt;&gt;c__DisplayClass1.&lt;CreateAndPopulateList&gt;b__0(IList l, Boolean isTemporaryListReference) in d:\Development\Releases\Json\Working\Src\Newtonsoft.Json\Serialization\JsonSerializerInternalReader.cs:line 695
   at Newtonsoft.Json.Utilities.CollectionUtils.CreateAndPopulateList(Type listType, Action`2 populateList) in d:\Development\Releases\Json\Working\Src\Newtonsoft.Json\Utilities\CollectionUtils.cs:line 544
   at Newtonsoft.Json.Serialization.JsonSerializerInternalReader.CreateAndPopulateList(JsonReader reader, String reference, JsonArrayContract contract) in d:\Development\Releases\Json\Working\Src\Newtonsoft.Json\Serialization\JsonSerializerInternalReader.cs:line 683
   at Newtonsoft.Json.Serialization.JsonSerializerInternalReader.CreateList(JsonReader reader, Type objectType, JsonContract contract, JsonProperty member, Object existingValue, String reference) in d:\Development\Releases\Json\Working\Src\Newtonsoft.Json\Serialization\JsonSerializerInternalReader.cs:line 469
   at Newtonsoft.Json.Serialization.JsonSerializerInternalReader.CreateValueInternal(JsonReader reader, Type objectType, JsonContract contract, JsonProperty member, Object existingValue) in d:\Development\Releases\Json\Working\Src\Newtonsoft.Json\Serialization\JsonSerializerInternalReader.cs:line 224
   at Newtonsoft.Json.Serialization.JsonSerializerInternalReader.CreateValueNonProperty(JsonReader reader, Type objectType, JsonContract contract) in d:\Development\Releases\Json\Working\Src\Newtonsoft.Json\Serialization\JsonSerializerInternalReader.cs:line 209
   at Newtonsoft.Json.Serialization.JsonSerializerInternalReader.Deserialize(JsonReader reader, Type objectType) in d:\Development\Releases\Json\Working\Src\Newtonsoft.Json\Serialization\JsonSerializerInternalReader.cs:line 119
   at Newtonsoft.Json.JsonSerializer.DeserializeInternal(JsonReader reader, Type objectType) in d:\Development\Releases\Json\Working\Src\Newtonsoft.Json\JsonSerializer.cs:line 418
   at Newtonsoft.Json.JsonSerializer.Deserialize[T](JsonReader reader) in d:\Development\Releases\Json\Working\Src\Newtonsoft.Json\JsonSerializer.cs:line 401
   at BootStrap.Controllers.LoadNews.GetNews() in F:\Visual Studio Projects\BootStrap\BootStrap\Controllers\HomeController.cs:line 56
   at BootStrap.Tests.Controllers.HomeControllerTest.Index() in F:\Visual Studio Projects\BootStrap\BootStrap.Tests\Controllers\HomeControllerTest.cs:line 25
</StackTrace>
        </ErrorInfo>
      </Output>
    </UnitTestResult>
  </Results>
</TestRun>