<?xml version="1.0" encoding="UTF-8"?>
<TestRun id="36d61600-47a7-4f35-b4ae-a3d1ed66470f" name="Karl@JUMPERCAKE 2011-10-23 14:54:30" runUser="jumpercake\Karl" xmlns="http://microsoft.com/schemas/VisualStudio/TeamTest/2010">
  <TestSettings name="Default Test Settings" id="b3850835-9373-418c-a04b-6a23e1160a0b">
    <Execution>
      <TestTypeSpecific />
      <AgentRule name="Execution Agents">
      </AgentRule>
    </Execution>
    <Deployment runDeploymentRoot="Karl_JUMPERCAKE 2011-10-23 14_54_30" />
  </TestSettings>
  <Times creation="2011-10-23T14:54:30.4206793+01:00" queuing="2011-10-23T14:54:31.0177135+01:00" start="2011-10-23T14:54:31.2277255+01:00" finish="2011-10-23T14:54:31.7157534+01:00" />
  <ResultSummary outcome="Failed">
    <Counters total="1" executed="1" error="0" failed="1" timeout="0" aborted="0" inconclusive="0" passedButRunAborted="0" notRunnable="0" notExecuted="0" disconnected="0" warning="0" passed="0" completed="0" inProgress="0" pending="0" />
  </ResultSummary>
  <TestDefinitions>
    <UnitTest name="Index" storage="f:\visual studio projects\bootstrap\bootstrap.tests\bin\debug\bootstrap.tests.dll" id="30625463-567f-e932-e0af-b0c229f757a3">
      <Execution timeOut="1800000" id="ff45c61d-1d9d-4eef-a0dc-88ff10a64f75" />
      <TestMethod codeBase="F:/Visual Studio Projects/BootStrap/BootStrap.Tests/bin/Debug/BootStrap.Tests.DLL" adapterTypeName="Microsoft.VisualStudio.TestTools.TestTypes.Unit.UnitTestAdapter, Microsoft.VisualStudio.QualityTools.Tips.UnitTest.Adapter, Version=10.0.0.0, Culture=neutral, PublicKeyToken=b03f5f7f11d50a3a" className="BootStrap.Tests.Controllers.HomeControllerTest, BootStrap.Tests, Version=1.0.0.0, Culture=neutral, PublicKeyToken=null" name="Index" />
    </UnitTest>
  </TestDefinitions>
  <TestLists>
    <TestList name="Results Not in a List" id="8c84fa94-04c1-424b-9868-57a2d4851a1d" />
    <TestList name="All Loaded Results" id="19431567-8539-422a-85d7-44ee4e166bda" />
  </TestLists>
  <TestEntries>
    <TestEntry testId="30625463-567f-e932-e0af-b0c229f757a3" executionId="ff45c61d-1d9d-4eef-a0dc-88ff10a64f75" testListId="8c84fa94-04c1-424b-9868-57a2d4851a1d" />
  </TestEntries>
  <Results>
    <UnitTestResult executionId="ff45c61d-1d9d-4eef-a0dc-88ff10a64f75" testId="30625463-567f-e932-e0af-b0c229f757a3" testName="Index" computerName="JUMPERCAKE" duration="00:00:00.2786489" startTime="2011-10-23T14:54:31.2827286+01:00" endTime="2011-10-23T14:54:31.6307485+01:00" testType="13cdc9d9-ddb5-4fa4-a97d-d965ccfc6d4b" outcome="Failed" testListId="8c84fa94-04c1-424b-9868-57a2d4851a1d" relativeResultsDirectory="ff45c61d-1d9d-4eef-a0dc-88ff10a64f75">
      <Output>
        <ErrorInfo>
          <Message>Test method BootStrap.Tests.Controllers.HomeControllerTest.Index threw exception: 
Newtonsoft.Json.JsonSerializationException: Cannot deserialize JSON array into type 'BootStrap.Controllers.NewsItem'.</Message>
          <StackTrace>    at Newtonsoft.Json.Serialization.JsonSerializerInternalReader.EnsureArrayContract(Type objectType, JsonContract contract) in d:\Development\Releases\Json\Working\Src\Newtonsoft.Json\Serialization\JsonSerializerInternalReader.cs:line 451
   at Newtonsoft.Json.Serialization.JsonSerializerInternalReader.CreateList(JsonReader reader, Type objectType, JsonContract contract, JsonProperty member, Object existingValue, String reference) in d:\Development\Releases\Json\Working\Src\Newtonsoft.Json\Serialization\JsonSerializerInternalReader.cs:line 465
   at Newtonsoft.Json.Serialization.JsonSerializerInternalReader.CreateValueInternal(JsonReader reader, Type objectType, JsonContract contract, JsonProperty member, Object existingValue) in d:\Development\Releases\Json\Working\Src\Newtonsoft.Json\Serialization\JsonSerializerInternalReader.cs:line 224
   at Newtonsoft.Json.Serialization.JsonSerializerInternalReader.CreateValueNonProperty(JsonReader reader, Type objectType, JsonContract contract) in d:\Development\Releases\Json\Working\Src\Newtonsoft.Json\Serialization\JsonSerializerInternalReader.cs:line 209
   at Newtonsoft.Json.Serialization.JsonSerializerInternalReader.Deserialize(JsonReader reader, Type objectType) in d:\Development\Releases\Json\Working\Src\Newtonsoft.Json\Serialization\JsonSerializerInternalReader.cs:line 119
   at Newtonsoft.Json.JsonSerializer.DeserializeInternal(JsonReader reader, Type objectType) in d:\Development\Releases\Json\Working\Src\Newtonsoft.Json\JsonSerializer.cs:line 418
   at Newtonsoft.Json.JsonSerializer.Deserialize[T](JsonReader reader) in d:\Development\Releases\Json\Working\Src\Newtonsoft.Json\JsonSerializer.cs:line 401
   at BootStrap.Controllers.LoadNews.GetNews() in F:\Visual Studio Projects\BootStrap\BootStrap\Controllers\HomeController.cs:line 56
   at BootStrap.Tests.Controllers.HomeControllerTest.Index() in F:\Visual Studio Projects\BootStrap\BootStrap.Tests\Controllers\HomeControllerTest.cs:line 25
</StackTrace>
        </ErrorInfo>
      </Output>
    </UnitTestResult>
  </Results>
</TestRun>