<?xml version="1.0" encoding="UTF-8"?>
<TestRun id="7af35c05-33fa-4fc8-b33f-e493ccbb2771" name="Karl@JUMPERCAKE 2011-10-22 14:24:33" runUser="jumpercake\Karl" xmlns="http://microsoft.com/schemas/VisualStudio/TeamTest/2010">
  <TestSettings name="Default Test Settings" id="81e54920-2a95-47e9-bbce-67d869536be2">
    <Execution>
      <TestTypeSpecific />
      <AgentRule name="Execution Agents">
      </AgentRule>
    </Execution>
    <Deployment runDeploymentRoot="Karl_JUMPERCAKE 2011-10-22 14_24_33" />
  </TestSettings>
  <Times creation="2011-10-22T14:24:33.7726652+01:00" queuing="2011-10-22T14:24:34.3236967+01:00" start="2011-10-22T14:24:34.5487095+01:00" finish="2011-10-22T14:24:34.8037241+01:00" />
  <ResultSummary outcome="Completed">
    <Counters total="1" executed="1" passed="1" error="0" failed="0" timeout="0" aborted="0" inconclusive="0" passedButRunAborted="0" notRunnable="0" notExecuted="0" disconnected="0" warning="0" completed="0" inProgress="0" pending="0" />
  </ResultSummary>
  <TestDefinitions>
    <UnitTest name="Index" storage="f:\visual studio projects\bootstrap\bootstrap.tests\bin\debug\bootstrap.tests.dll" id="30625463-567f-e932-e0af-b0c229f757a3">
      <Execution timeOut="1800000" id="0ba80757-78ed-4e42-8a12-55e2fe99f6a4" />
      <TestMethod codeBase="F:/Visual Studio Projects/BootStrap/BootStrap.Tests/bin/Debug/BootStrap.Tests.DLL" adapterTypeName="Microsoft.VisualStudio.TestTools.TestTypes.Unit.UnitTestAdapter, Microsoft.VisualStudio.QualityTools.Tips.UnitTest.Adapter, Version=10.0.0.0, Culture=neutral, PublicKeyToken=b03f5f7f11d50a3a" className="BootStrap.Tests.Controllers.HomeControllerTest, BootStrap.Tests, Version=1.0.0.0, Culture=neutral, PublicKeyToken=null" name="Index" />
    </UnitTest>
  </TestDefinitions>
  <TestLists>
    <TestList name="Results Not in a List" id="8c84fa94-04c1-424b-9868-57a2d4851a1d" />
    <TestList name="All Loaded Results" id="19431567-8539-422a-85d7-44ee4e166bda" />
  </TestLists>
  <TestEntries>
    <TestEntry testId="30625463-567f-e932-e0af-b0c229f757a3" executionId="0ba80757-78ed-4e42-8a12-55e2fe99f6a4" testListId="8c84fa94-04c1-424b-9868-57a2d4851a1d" />
  </TestEntries>
  <Results>
    <UnitTestResult executionId="0ba80757-78ed-4e42-8a12-55e2fe99f6a4" testId="30625463-567f-e932-e0af-b0c229f757a3" testName="Index" computerName="JUMPERCAKE" duration="00:00:00.0548282" startTime="2011-10-22T14:24:34.5957122+01:00" endTime="2011-10-22T14:24:34.7227195+01:00" testType="13cdc9d9-ddb5-4fa4-a97d-d965ccfc6d4b" outcome="Passed" testListId="8c84fa94-04c1-424b-9868-57a2d4851a1d" relativeResultsDirectory="0ba80757-78ed-4e42-8a12-55e2fe99f6a4">
      <Output>
        <StdOut>BootStrap.Controllers.NewsItem</StdOut>
      </Output>
    </UnitTestResult>
  </Results>
</TestRun>